2026-02-26 20:49:05 INFO     ActorAddr-(T|:42983) => Dispatcher initializing
2026-02-26 20:49:05 INFO     ActorAddr-(T|:42983) => Dispatcher Ready
2026-02-26 20:49:05 INFO     ActorAddr-(T|:40165) => A VALIDATION REQUEST HAS BEEN RECEIVED....
2026-02-26 20:49:05 INFO     ActorAddr-(T|:42983) => DISPATCHER actor message received -> 
2026-02-26 20:49:05 INFO     ActorAddr-(T|:19000) => Validated source hash 1ab0d90d66e24c9bcf9b421d3221cc89 - temp_components.zip, 32 modules (message_space.py, web_socket_router_actor.py, address_book.py, agent_pool.py, universe.py, property_decorators.py, multi_container.py, log_actor.py, subject_container.py, ...)
2026-02-26 20:49:05 INFO     ActorAddr-(T|:19000) => Source hash 1ab0d90d66e24c9bcf9b421d3221cc89 (temp_components.zip) validated by Source Authority; now available.
2026-02-26 20:49:05 INFO     ActorAddr-(T|:42983) => DISPATCHER actor message received -> 
2026-02-26 20:49:05 INFO     ActorAddr-(T|:37663) => RECEVIED AN EXCEPTION REQUEST:{'error_message': 'MES CRASHING IN PREPARATION - EXCEPTION FOLLOWS \n\tError Type: <class \'AttributeError\'>\n\tError: \'VCMEnvironment\' object has no attribute \'num_agents\'\n\n\tTrace Output: \n\t  File "/tmp/mTree/mTree/microeconomic_system/environment.py", line 92, in invoke_prepare\n    self.prepare()\n    ~~~~~~~~~~~~^^\n\n\t  File "VCM_environment.py", line 33, in prepare\n\n', 'error_type': "<class 'AttributeError'>", 'error': "'VCMEnvironment' object has no attribute 'num_agents'", 'filename': '/tmp/mTree/mTree/microeconomic_system/environment.py', 'lineno': 92, 'name': 'invoke_prepare', 'line': 'self.prepare()'}
2026-02-26 20:49:05 ERROR    ActorAddr-(T|:45557) => Declaring transmit of TransportIntent(ActorAddr-(T|:32787)-pending-ExpiresIn_0:04:59.936670-<class 'mTree.microeconomic_system.log_message.LogMessage'>-<LogMessage Timestamp: 1772138945.792599, Type: log, Content: addresses={'VCM_environment.VCMEnvironment': ComponentAddress(short_name='VCM_environmen...-quit_0:04:59.936639) as Poison: Traceback (most recent call last):
  File "/opt/conda/lib/python3.13/site-packages/thespian/system/systemCommon.py", line 173, in _send_intent_to_transport
    self.transport.scheduleTransmit(self._addrManager, intent)
    ~~~~~~~~~~~~~~~~~~~~~~~~~~~~~~~^^^^^^^^^^^^^^^^^^^^^^^^^^^
  File "/opt/conda/lib/python3.13/site-packages/thespian/system/transport/asyncTransportBase.py", line 213, in scheduleTransmit
    transmitIntent.serMsg = self.serializer(transmitIntent)
                            ~~~~~~~~~~~~~~~^^^^^^^^^^^^^^^^
  File "/opt/conda/lib/python3.13/site-packages/thespian/system/transport/TCPTransport.py", line 568, in serializer
    return toSendBuffer((self.myAddress, intent.message), serializer.dumps)
  File "/opt/conda/lib/python3.13/site-packages/thespian/system/transport/streamBuffer.py", line 15, in <lambda>
    toSendBuffer = lambda A, ser=pickle.dumps: (lambda AP: ('%d>'%len(AP)).encode('utf-8') + AP)(ser(A))
                                                                                                 ~~~^^^
TypeError: cannot pickle '_thread.lock' object
Traceback (most recent call last):

  File "/opt/conda/lib/python3.13/site-packages/thespian/system/systemCommon.py", line 173, in _send_intent_to_transport
    self.transport.scheduleTransmit(self._addrManager, intent)
    ~~~~~~~~~~~~~~~~~~~~~~~~~~~~~~~^^^^^^^^^^^^^^^^^^^^^^^^^^^

  File "/opt/conda/lib/python3.13/site-packages/thespian/system/transport/asyncTransportBase.py", line 213, in scheduleTransmit
    transmitIntent.serMsg = self.serializer(transmitIntent)
                            ~~~~~~~~~~~~~~~^^^^^^^^^^^^^^^^

  File "/opt/conda/lib/python3.13/site-packages/thespian/system/transport/TCPTransport.py", line 568, in serializer
    return toSendBuffer((self.myAddress, intent.message), serializer.dumps)

  File "/opt/conda/lib/python3.13/site-packages/thespian/system/transport/streamBuffer.py", line 15, in <lambda>
    toSendBuffer = lambda A, ser=pickle.dumps: (lambda AP: ('%d>'%len(AP)).encode('utf-8') + AP)(ser(A))
                                                                                                 ~~~^^^

TypeError: cannot pickle '_thread.lock' object

2026-02-26 20:49:05 INFO     ActorAddr-(T|:32787) => Completing Log Sequence Files...
2026-02-26 20:49:05 INFO     ActorAddr-(T|:32787) => Completing Log Event Files...
2026-02-26 20:49:05 INFO     ActorAddr-(T|:32787) => Completing Log Data Files...
2026-02-26 20:49:05 INFO     ActorAddr-(T|:32787) => LOGGING CRASHED DURING COMPLETION STAGE
2026-02-26 20:49:05 INFO     ActorAddr-(T|:32787) => MES AGENT CRASHING - EXCEPTION FOLLOWS 
	Source Message: ActorExitRequest
	Error Type: <class 'AttributeError'>
	Error: 'LogActor' object has no attribute 'targets'

	Trace Output: 
	  File "log_actor.py", line 503, in receiveMessage

	  File "log_actor.py", line 436, in complete_log_files


2026-02-26 20:49:05 INFO     ActorAddr-(T|:42983) => DISPATCHER actor message received -> 
2026-02-26 20:49:05 INFO     ActorAddr-(T|:36321) => Completing Log Sequence Files...
2026-02-26 20:49:05 INFO     ActorAddr-(T|:42983) => DISPATCHER actor message received -> 
2026-02-26 20:49:05 INFO     ActorAddr-(T|:36321) => Completing Log Event Files...
2026-02-26 20:49:05 INFO     ActorAddr-(T|:36321) => Completing Log Data Files...
2026-02-26 20:49:05 INFO     ActorAddr-(T|:42983) => DISPATCHER actor message received -> 
2026-02-26 20:49:05 INFO     ActorAddr-(T|:42983) => DISPATCHER actor message received -> 
2026-02-26 20:50:12 INFO     ActorAddr-(T|:42983) => DISPATCHER actor message received -> 
2026-02-26 20:51:06 INFO     ActorAddr-(T|:40313) => Dispatcher initializing
2026-02-26 20:51:06 INFO     ActorAddr-(T|:40313) => Dispatcher Ready
2026-02-26 20:51:06 INFO     ActorAddr-(T|:45871) => A VALIDATION REQUEST HAS BEEN RECEIVED....
2026-02-26 20:51:06 INFO     ActorAddr-(T|:19000) => Validated source hash 1ab0d90d66e24c9bcf9b421d3221cc89 - temp_components.zip, 32 modules (message_space.py, web_socket_router_actor.py, address_book.py, agent_pool.py, universe.py, property_decorators.py, multi_container.py, log_actor.py, subject_container.py, ...)
2026-02-26 20:51:06 INFO     ActorAddr-(T|:19000) => Source hash 1ab0d90d66e24c9bcf9b421d3221cc89 (temp_components.zip) validated by Source Authority; now available.
2026-02-26 20:51:06 INFO     ActorAddr-(T|:40313) => DISPATCHER actor message received -> 
2026-02-26 20:51:06 INFO     ActorAddr-(T|:40313) => DISPATCHER actor message received -> 
2026-02-26 20:51:06 INFO     ActorAddr-(T|:46771) => RECEVIED AN EXCEPTION REQUEST:{'error_message': 'MES CRASHING IN PREPARATION - EXCEPTION FOLLOWS \n\tError Type: <class \'AttributeError\'>\n\tError: \'VCMEnvironment\' object has no attribute \'num_agents\'\n\n\tTrace Output: \n\t  File "/tmp/mTree/mTree/microeconomic_system/environment.py", line 92, in invoke_prepare\n    self.prepare()\n    ~~~~~~~~~~~~^^\n\n\t  File "VCM_environment.py", line 33, in prepare\n\n', 'error_type': "<class 'AttributeError'>", 'error': "'VCMEnvironment' object has no attribute 'num_agents'", 'filename': '/tmp/mTree/mTree/microeconomic_system/environment.py', 'lineno': 92, 'name': 'invoke_prepare', 'line': 'self.prepare()'}
2026-02-26 20:51:06 ERROR    ActorAddr-(T|:46107) => Declaring transmit of TransportIntent(ActorAddr-(T|:41465)-pending-ExpiresIn_0:04:59.956128-<class 'mTree.microeconomic_system.log_message.LogMessage'>-<LogMessage Timestamp: 1772139066.7454512, Type: log, Content: addresses={'VCM_environment.VCMEnvironment': ComponentAddress(short_name='VCM_environme...-quit_0:04:59.956115) as Poison: Traceback (most recent call last):
  File "/opt/conda/lib/python3.13/site-packages/thespian/system/systemCommon.py", line 173, in _send_intent_to_transport
    self.transport.scheduleTransmit(self._addrManager, intent)
    ~~~~~~~~~~~~~~~~~~~~~~~~~~~~~~~^^^^^^^^^^^^^^^^^^^^^^^^^^^
  File "/opt/conda/lib/python3.13/site-packages/thespian/system/transport/asyncTransportBase.py", line 213, in scheduleTransmit
    transmitIntent.serMsg = self.serializer(transmitIntent)
                            ~~~~~~~~~~~~~~~^^^^^^^^^^^^^^^^
  File "/opt/conda/lib/python3.13/site-packages/thespian/system/transport/TCPTransport.py", line 568, in serializer
    return toSendBuffer((self.myAddress, intent.message), serializer.dumps)
  File "/opt/conda/lib/python3.13/site-packages/thespian/system/transport/streamBuffer.py", line 15, in <lambda>
    toSendBuffer = lambda A, ser=pickle.dumps: (lambda AP: ('%d>'%len(AP)).encode('utf-8') + AP)(ser(A))
                                                                                                 ~~~^^^
TypeError: cannot pickle '_thread.lock' object
Traceback (most recent call last):

  File "/opt/conda/lib/python3.13/site-packages/thespian/system/systemCommon.py", line 173, in _send_intent_to_transport
    self.transport.scheduleTransmit(self._addrManager, intent)
    ~~~~~~~~~~~~~~~~~~~~~~~~~~~~~~~^^^^^^^^^^^^^^^^^^^^^^^^^^^

  File "/opt/conda/lib/python3.13/site-packages/thespian/system/transport/asyncTransportBase.py", line 213, in scheduleTransmit
    transmitIntent.serMsg = self.serializer(transmitIntent)
                            ~~~~~~~~~~~~~~~^^^^^^^^^^^^^^^^

  File "/opt/conda/lib/python3.13/site-packages/thespian/system/transport/TCPTransport.py", line 568, in serializer
    return toSendBuffer((self.myAddress, intent.message), serializer.dumps)

  File "/opt/conda/lib/python3.13/site-packages/thespian/system/transport/streamBuffer.py", line 15, in <lambda>
    toSendBuffer = lambda A, ser=pickle.dumps: (lambda AP: ('%d>'%len(AP)).encode('utf-8') + AP)(ser(A))
                                                                                                 ~~~^^^

TypeError: cannot pickle '_thread.lock' object

2026-02-26 20:51:06 INFO     ActorAddr-(T|:41465) => Completing Log Sequence Files...
2026-02-26 20:51:06 INFO     ActorAddr-(T|:41465) => Completing Log Event Files...
2026-02-26 20:51:06 INFO     ActorAddr-(T|:41465) => Completing Log Data Files...
2026-02-26 20:51:06 INFO     ActorAddr-(T|:41465) => LOGGING CRASHED DURING COMPLETION STAGE
2026-02-26 20:51:06 INFO     ActorAddr-(T|:41465) => MES AGENT CRASHING - EXCEPTION FOLLOWS 
	Source Message: ActorExitRequest
	Error Type: <class 'AttributeError'>
	Error: 'LogActor' object has no attribute 'targets'

	Trace Output: 
	  File "log_actor.py", line 503, in receiveMessage

	  File "log_actor.py", line 436, in complete_log_files


2026-02-26 20:51:06 INFO     ActorAddr-(T|:40313) => DISPATCHER actor message received -> 
2026-02-26 20:51:06 INFO     ActorAddr-(T|:43095) => Completing Log Sequence Files...
2026-02-26 20:51:06 INFO     ActorAddr-(T|:40313) => DISPATCHER actor message received -> 
2026-02-26 20:51:06 INFO     ActorAddr-(T|:43095) => Completing Log Event Files...
2026-02-26 20:51:06 INFO     ActorAddr-(T|:40313) => DISPATCHER actor message received -> 
2026-02-26 20:51:06 INFO     ActorAddr-(T|:43095) => Completing Log Data Files...
2026-02-26 20:51:06 INFO     ActorAddr-(T|:40313) => DISPATCHER actor message received -> 
2026-02-26 20:51:38 INFO     ActorAddr-(T|:40313) => DISPATCHER actor message received -> 
